<?xml version="1.0" encoding="UTF-8" ?>
<testsuite tests="1" failures="1" name="at.naghed.UptimeControllerTest" time="0.025" errors="0" skipped="0">
  <properties>
[...]
</properties>
  <testcase classname="at.naghed.UptimeControllerTest" name="at.naghed.UptimeControllerTest.test_calculateUptime_shouldBeCalculatedCorrectly" time="0.025">
    <failure message="expected: &lt;&gt; but was: &lt;43178,40&gt;" type="org.opentest4j.AssertionFailedError">org.opentest4j.AssertionFailedError: expected: &lt;&gt; but was: &lt;43178,40&gt;
	at org.junit.jupiter.api.AssertionUtils.fail(AssertionUtils.java:55)
	at org.junit.jupiter.api.AssertionUtils.failNotEqual(AssertionUtils.java:62)
	at org.junit.jupiter.api.AssertEquals.assertEquals(AssertEquals.java:182)
	at org.junit.jupiter.api.AssertEquals.assertEquals(AssertEquals.java:177)
	at org.junit.jupiter.api.Assertions.assertEquals(Assertions.java:1125)
	at at.naghed.UptimeControllerTest.test_calculateUptime_shouldBeCalculatedCorrectly(UptimeControllerTest.java:17)
</failure>
  </testcase>
</testsuite>